2020-12-27 12:43:33.242  WARN 2756 --- [main] ory$DuplicateJsonObjectContextCustomizer : 

Found multiple occurrences of org.json.JSONObject on the class path:

	jar:file:/D:/devTools/mvnRepository/com/vaadin/external/google/android-json/0.0.20131108.vaadin1/android-json-0.0.20131108.vaadin1.jar!/org/json/JSONObject.class
	jar:file:/D:/devTools/mvnRepository/org/json/json/20170516/json-20170516.jar!/org/json/JSONObject.class

You may wish to exclude one of them to ensure predictable runtime behavior

2020-12-27 12:43:33.254  INFO 2756 --- [main] com.qingchi.admin.RedisTest              : Starting RedisTest on qky-pc with PID 2756 (started by qinky in D:\javaProject\qingchi-web)
2020-12-27 12:43:33.255  INFO 2756 --- [main] com.qingchi.admin.RedisTest              : The following profiles are active: local
2020-12-27 12:43:33.279  INFO 2756 --- [main] o.s.w.c.s.GenericWebApplicationContext   : Refreshing org.springframework.web.context.support.GenericWebApplicationContext@6a66a204: startup date [Sun Dec 27 12:43:33 CST 2020]; root of context hierarchy
2020-12-27 12:43:34.020  INFO 2756 --- [main] .s.d.r.c.RepositoryConfigurationDelegate : Multiple Spring Data modules found, entering strict repository configuration mode!
2020-12-27 12:43:34.179  INFO 2756 --- [main] .s.d.r.c.RepositoryConfigurationDelegate : Multiple Spring Data modules found, entering strict repository configuration mode!
2020-12-27 12:43:34.391  WARN 2756 --- [main] o.m.s.mapper.ClassPathMapperScanner      : No MyBatis mapper was found in '[com.qingchi.server]' package. Please check your configuration.
2020-12-27 12:43:34.555  INFO 2756 --- [main] .s.d.r.c.RepositoryConfigurationDelegate : Multiple Spring Data modules found, entering strict repository configuration mode!
2020-12-27 12:43:35.063  INFO 2756 --- [main] trationDelegate$BeanPostProcessorChecker : Bean 'org.springframework.cache.annotation.ProxyCachingConfiguration' of type [org.springframework.cache.annotation.ProxyCachingConfiguration$$EnhancerBySpringCGLIB$$38509b4e] is not eligible for getting processed by all BeanPostProcessors (for example: not eligible for auto-proxying)
2020-12-27 12:43:35.194  INFO 2756 --- [main] trationDelegate$BeanPostProcessorChecker : Bean 'org.springframework.transaction.annotation.ProxyTransactionManagementConfiguration' of type [org.springframework.transaction.annotation.ProxyTransactionManagementConfiguration$$EnhancerBySpringCGLIB$$ef3e6530] is not eligible for getting processed by all BeanPostProcessors (for example: not eligible for auto-proxying)
2020-12-27 12:43:35.546  INFO 2756 --- [main] com.zaxxer.hikari.HikariDataSource       : HikariPool-1 - Starting...
2020-12-27 12:43:35.856  INFO 2756 --- [main] com.zaxxer.hikari.HikariDataSource       : HikariPool-1 - Start completed.
2020-12-27 12:43:35.900  INFO 2756 --- [main] j.LocalContainerEntityManagerFactoryBean : Building JPA container EntityManagerFactory for persistence unit 'default'
2020-12-27 12:43:35.915  INFO 2756 --- [main] o.hibernate.jpa.internal.util.LogHelper  : HHH000204: Processing PersistenceUnitInfo [
	name: default
	...]
2020-12-27 12:43:35.974  INFO 2756 --- [main] org.hibernate.Version                    : HHH000412: Hibernate Core {5.2.14.Final}
2020-12-27 12:43:35.975  INFO 2756 --- [main] org.hibernate.cfg.Environment            : HHH000206: hibernate.properties not found
2020-12-27 12:43:36.009  INFO 2756 --- [main] o.hibernate.annotations.common.Version   : HCANN000001: Hibernate Commons Annotations {5.0.1.Final}
2020-12-27 12:43:36.134  INFO 2756 --- [main] org.hibernate.dialect.Dialect            : HHH000400: Using dialect: org.hibernate.dialect.MySQL5Dialect
2020-12-27 12:43:39.104  INFO 2756 --- [main] j.LocalContainerEntityManagerFactoryBean : Initialized JPA EntityManagerFactory for persistence unit 'default'
2020-12-27 12:43:39.775  INFO 2756 --- [main] o.h.h.i.QueryTranslatorFactoryInitiator  : HHH000397: Using ASTQueryTranslatorFactory
2020-12-27 12:43:41.967  INFO 2756 --- [main] o.s.s.c.ThreadPoolTaskScheduler          : Initializing ExecutorService 
2020-12-27 12:43:41.971  INFO 2756 --- [main] o.s.s.c.ThreadPoolTaskScheduler          : Initializing ExecutorService  'taskScheduler'
2020-12-27 12:43:42.012  INFO 2756 --- [main] o.s.w.s.s.s.WebSocketHandlerMapping      : Mapped URL path [/webSocket/message] onto handler of type [class org.springframework.web.socket.server.support.WebSocketHttpRequestHandler]
2020-12-27 12:43:42.499  INFO 2756 --- [main] s.w.s.m.m.a.RequestMappingHandlerAdapter : Looking for @ControllerAdvice: org.springframework.web.context.support.GenericWebApplicationContext@6a66a204: startup date [Sun Dec 27 12:43:33 CST 2020]; root of context hierarchy
2020-12-27 12:43:42.504  INFO 2756 --- [main] s.w.s.m.m.a.RequestMappingHandlerAdapter : Detected ResponseBodyAdvice bean in myResponseBodyAdvice
2020-12-27 12:43:42.580  INFO 2756 --- [main] s.w.s.m.m.a.RequestMappingHandlerMapping : Mapped "{[/app/refreshConfigMap]}" onto public com.qingchi.base.common.ResultVO<java.lang.String> com.qingchi.server.controller.AppInitController.refreshConfigMap(java.lang.String)
2020-12-27 12:43:42.581  INFO 2756 --- [main] s.w.s.m.m.a.RequestMappingHandlerMapping : Mapped "{[/app/refreshKeywords]}" onto public com.qingchi.base.common.ResultVO<java.lang.String> com.qingchi.server.controller.AppInitController.refreshKeywords(java.lang.String)
2020-12-27 12:43:42.581  INFO 2756 --- [main] s.w.s.m.m.a.RequestMappingHandlerMapping : Mapped "{[/app/test]}" onto public com.qingchi.base.common.ResultVO<com.qingchi.base.platform.qq.QQPayResult> com.qingchi.server.controller.AppInitController.testUrl(java.lang.String)
2020-12-27 12:43:42.582  INFO 2756 --- [main] s.w.s.m.m.a.RequestMappingHandlerMapping : Mapped "{[/app/refreshRedis]}" onto public com.qingchi.base.common.ResultVO<java.lang.String> com.qingchi.server.controller.AppInitController.redisOnlineCount(java.lang.String)
2020-12-27 12:43:42.582  INFO 2756 --- [main] s.w.s.m.m.a.RequestMappingHandlerMapping : Mapped "{[/app/checkUpdate],methods=[POST]}" onto public com.qingchi.base.common.ResultVO<com.qingchi.server.model.AppUpdateResultVO> com.qingchi.server.controller.AppInitController.checkUpdate(com.qingchi.server.model.AppUpdateVO)
2020-12-27 12:43:42.583  INFO 2756 --- [main] s.w.s.m.m.a.RequestMappingHandlerMapping : Mapped "{[/app/sendErrorLog],methods=[POST]}" onto public com.qingchi.base.common.ResultVO<java.lang.Object> com.qingchi.server.controller.AppInitController.sendErrorLog(com.qingchi.base.model.user.UserDO,com.qingchi.server.model.FrontErrorLogVO)
2020-12-27 12:43:42.583  INFO 2756 --- [main] s.w.s.m.m.a.RequestMappingHandlerMapping : Mapped "{[/app/queryAppInitData],methods=[POST]}" onto public com.qingchi.base.common.ResultVO<?> com.qingchi.server.controller.AppInitController.queryAppInitData(com.qingchi.base.model.user.UserDO,com.qingchi.server.model.TalkQueryVO)
2020-12-27 12:43:42.583  INFO 2756 --- [main] s.w.s.m.m.a.RequestMappingHandlerMapping : Mapped "{[/app/queryAppInitDataLoad],methods=[POST]}" onto public com.qingchi.base.common.ResultVO<?> com.qingchi.server.controller.AppInitController.queryAppInitDataLoad(com.qingchi.base.model.user.UserDO,com.qingchi.server.model.TalkQueryVO)
2020-12-27 12:43:42.584  INFO 2756 --- [main] s.w.s.m.m.a.RequestMappingHandlerMapping : Mapped "{[/app/queryAppInitDataReady],methods=[POST]}" onto public com.qingchi.base.common.ResultVO<?> com.qingchi.server.controller.AppInitController.queryAppInitDataReady(com.qingchi.base.model.user.UserDO)
2020-12-27 12:43:42.585  INFO 2756 --- [main] s.w.s.m.m.a.RequestMappingHandlerMapping : Mapped "{[/phone/sendAuthCode],methods=[POST]}" onto public com.qingchi.base.common.ResultVO<java.lang.String> com.qingchi.server.controller.AppLoginController.sendAuthCode(java.lang.String,com.qingchi.base.model.user.UserDO,javax.servlet.http.HttpServletRequest)
2020-12-27 12:43:42.586  INFO 2756 --- [main] s.w.s.m.m.a.RequestMappingHandlerMapping : Mapped "{[/phone/appLogin],methods=[POST]}" onto public com.qingchi.base.common.ResultVO<?> com.qingchi.server.controller.AppLoginController.appLogin(com.qingchi.base.platform.weixin.login.LoginDataVO)
2020-12-27 12:43:42.586  INFO 2756 --- [main] s.w.s.m.m.a.RequestMappingHandlerMapping : Mapped "{[/phone/bindPhoneNum],methods=[POST]}" onto public com.qingchi.base.common.ResultVO<?> com.qingchi.server.controller.AppLoginController.bindPhoneNum(com.qingchi.server.model.BindPhoneVO,com.qingchi.base.model.user.UserDO)
2020-12-27 12:43:42.588  INFO 2756 --- [main] s.w.s.m.m.a.RequestMappingHandlerMapping : Mapped "{[/chat/queryChat],methods=[POST]}" onto public com.qingchi.base.common.ResultVO<com.qingchi.base.modelVO.ChatVO> com.qingchi.server.controller.ChatController.queryChat(com.qingchi.base.model.user.UserDO,com.qingchi.server.model.UserIdVO)
2020-12-27 12:43:42.588  INFO 2756 --- [main] s.w.s.m.m.a.RequestMappingHandlerMapping : Mapped "{[/chat/removeChat],methods=[POST]}" onto public com.qingchi.base.common.ResultVO<?> com.qingchi.server.controller.ChatController.removeChat(com.qingchi.base.model.user.UserDO,com.qingchi.server.model.ChatRemoveVO)
2020-12-27 12:43:42.588  INFO 2756 --- [main] s.w.s.m.m.a.RequestMappingHandlerMapping : Mapped "{[/chat/queryChats],methods=[POST]}" onto public com.qingchi.base.common.ResultVO<java.util.List<com.qingchi.base.modelVO.ChatVO>> com.qingchi.server.controller.ChatController.queryChatList(com.qingchi.base.model.user.UserDO)
2020-12-27 12:43:42.588  INFO 2756 --- [main] s.w.s.m.m.a.RequestMappingHandlerMapping : Mapped "{[/chat/readChat],methods=[POST]}" onto public com.qingchi.base.common.ResultVO<?> com.qingchi.server.controller.ChatController.readChatMessages(com.qingchi.base.model.user.UserDO,com.qingchi.server.model.ChatReadVO)
2020-12-27 12:43:42.589  INFO 2756 --- [main] s.w.s.m.m.a.RequestMappingHandlerMapping : Mapped "{[/chat/queryHomeChat],methods=[POST]}" onto public com.qingchi.base.common.ResultVO<java.util.List<com.qingchi.base.modelVO.ChatVO>> com.qingchi.server.controller.ChatController.queryHomeChat(com.qingchi.base.model.user.UserDO)
2020-12-27 12:43:42.589  INFO 2756 --- [main] s.w.s.m.m.a.RequestMappingHandlerMapping : Mapped "{[/chat/openChat],methods=[POST]}" onto public com.qingchi.base.common.ResultVO<com.qingchi.base.modelVO.ChatVO> com.qingchi.server.controller.ChatController.openChat(com.qingchi.base.model.user.UserDO,com.qingchi.server.model.ChatOpenVO)
2020-12-27 12:43:42.591  INFO 2756 --- [main] s.w.s.m.m.a.RequestMappingHandlerMapping : Mapped "{[/comment/addComment],methods=[POST]}" onto public com.qingchi.base.common.ResultVO<com.qingchi.server.model.TalkCommentVO> com.qingchi.server.controller.CommentController.commentAdd(com.qingchi.server.model.CommentAddVO,com.qingchi.base.model.user.UserDO) throws java.io.IOException
2020-12-27 12:43:42.592  INFO 2756 --- [main] s.w.s.m.m.a.RequestMappingHandlerMapping : Mapped "{[/comment/deleteComment],methods=[POST]}" onto public com.qingchi.base.common.ResultVO com.qingchi.server.controller.CommentController.deleteComment(com.qingchi.server.model.CommentDeleteVO,com.qingchi.base.model.user.UserDO)
2020-12-27 12:43:42.592  INFO 2756 --- [main] s.w.s.m.m.a.RequestMappingHandlerMapping : Mapped "{[/cos/getCosAuthorization],methods=[POST]}" onto public com.qingchi.base.common.ResultVO<java.lang.String> com.qingchi.server.controller.CosAuthController.getCosAuthorization(com.qingchi.base.model.user.UserDO)
2020-12-27 12:43:42.593  INFO 2756 --- [main] s.w.s.m.m.a.RequestMappingHandlerMapping : Mapped "{[/district/queryProvinceDistricts],methods=[POST]}" onto public com.qingchi.base.common.ResultVO<java.util.List<com.qingchi.base.redis.DistrictVO>> com.qingchi.server.controller.DistrictController.queryProvinceDistricts()
2020-12-27 12:43:42.593  INFO 2756 --- [main] s.w.s.m.m.a.RequestMappingHandlerMapping : Mapped "{[/district/queryHotProvinceDistricts],methods=[POST]}" onto public com.qingchi.base.common.ResultVO<java.util.List<com.qingchi.base.redis.DistrictVO>> com.qingchi.server.controller.DistrictController.queryHotProvinceDistricts()
2020-12-27 12:43:42.594  INFO 2756 --- [main] s.w.s.m.m.a.RequestMappingHandlerMapping : Mapped "{[/follow/cancelFollow],methods=[POST]}" onto public com.qingchi.base.common.ResultVO com.qingchi.server.controller.FollowController.cancelFollow(com.qingchi.base.modelVO.FollowAddVO,com.qingchi.base.model.user.UserDO)
2020-12-27 12:43:42.594  INFO 2756 --- [main] s.w.s.m.m.a.RequestMappingHandlerMapping : Mapped "{[/follow/addFollow],methods=[POST]}" onto public com.qingchi.base.common.ResultVO<?> com.qingchi.server.controller.FollowController.addFollow(com.qingchi.base.modelVO.FollowAddVO,com.qingchi.base.model.user.UserDO)
2020-12-27 12:43:42.594  INFO 2756 --- [main] s.w.s.m.m.a.RequestMappingHandlerMapping : Mapped "{[/follow/queryUserFollows],methods=[POST]}" onto public com.qingchi.base.common.ResultVO<java.util.Map<java.lang.String, java.util.List<com.qingchi.server.model.FollowUserVO>>> com.qingchi.server.controller.FollowController.queryUserFollows(com.qingchi.base.model.user.UserDO)
2020-12-27 12:43:42.595  INFO 2756 --- [main] s.w.s.m.m.a.RequestMappingHandlerMapping : Mapped "{[/hug/addHug],methods=[POST]}" onto public com.qingchi.base.common.ResultVO<com.qingchi.server.model.HugVO> com.qingchi.server.controller.HugController.addHug(com.qingchi.server.model.HugAddVO,com.qingchi.base.model.user.UserDO)
2020-12-27 12:43:42.595  INFO 2756 --- [main] s.w.s.m.m.a.RequestMappingHandlerMapping : Mapped "{[/identity/auth],methods=[POST]}" onto public com.qingchi.base.common.ResultVO<?> com.qingchi.server.controller.IdentityController.identityAuth(com.qingchi.base.model.user.UserDO,com.qingchi.server.model.UserImgVO)
2020-12-27 12:43:42.595  INFO 2756 --- [main] s.w.s.m.m.a.RequestMappingHandlerMapping : Mapped "{[/]}" onto public java.lang.String com.qingchi.server.controller.IndexController.index()
2020-12-27 12:43:42.596  INFO 2756 --- [main] s.w.s.m.m.a.RequestMappingHandlerMapping : Mapped "{[/loveValue/watchVideoAd],methods=[POST]}" onto public com.qingchi.base.common.ResultVO<java.lang.Integer> com.qingchi.server.controller.LoveValueController.watchVideoAd(com.qingchi.base.model.user.UserDO,java.lang.Boolean)
2020-12-27 12:43:42.596  INFO 2756 --- [main] s.w.s.m.m.a.RequestMappingHandlerMapping : Mapped "{[/loveValue/watchVideoAd2],methods=[POST]}" onto public com.qingchi.base.common.ResultVO<java.util.Map> com.qingchi.server.controller.LoveValueController.watchVideoAd2(com.qingchi.base.model.user.UserDO,java.lang.Boolean)
2020-12-27 12:43:42.596  INFO 2756 --- [main] s.w.s.m.m.a.RequestMappingHandlerMapping : Mapped "{[/loveValue/queryTodayLoveValue],methods=[POST]}" onto public com.qingchi.base.common.ResultVO<java.lang.Integer> com.qingchi.server.controller.LoveValueController.queryTodayLoveValue(com.qingchi.base.model.user.UserDO)
2020-12-27 12:43:42.597  INFO 2756 --- [main] s.w.s.m.m.a.RequestMappingHandlerMapping : Mapped "{[/match/unlikeMatchUser],methods=[POST]}" onto public com.qingchi.base.common.ResultVO<?> com.qingchi.server.controller.MatchRequestController.unlikeMatchUser(com.qingchi.base.model.user.UserDO,java.lang.Integer) throws java.lang.Exception
2020-12-27 12:43:42.598  INFO 2756 --- [main] s.w.s.m.m.a.RequestMappingHandlerMapping : Mapped "{[/match/likeMatchUser],methods=[POST]}" onto public com.qingchi.base.common.ResultVO<?> com.qingchi.server.controller.MatchRequestController.likeMatch(com.qingchi.base.model.user.UserDO,java.lang.Integer) throws java.lang.Exception
2020-12-27 12:43:42.598  INFO 2756 --- [main] s.w.s.m.m.a.RequestMappingHandlerMapping : Mapped "{[/match/userRealAuth],methods=[POST]}" onto public com.qingchi.base.common.ResultVO<?> com.qingchi.server.controller.MatchRequestController.userRealAuth(com.qingchi.base.model.user.UserDO,java.lang.Integer) throws java.lang.Exception
2020-12-27 12:43:42.598  INFO 2756 --- [main] s.w.s.m.m.a.RequestMappingHandlerMapping : Mapped "{[/match/queryMatchUsers],methods=[POST]}" onto public com.qingchi.base.common.ResultVO<java.util.List<com.qingchi.server.model.UserDetailVO>> com.qingchi.server.controller.MatchUserQueryController.queryMatchUsers(com.qingchi.base.model.user.UserDO,com.qingchi.server.model.UserMatchQueryVO)
2020-12-27 12:43:42.599  INFO 2756 --- [main] s.w.s.m.m.a.RequestMappingHandlerMapping : Mapped "{[/message/sendMsg],methods=[POST]}" onto public com.qingchi.base.common.ResultVO<com.qingchi.base.modelVO.MessageVO> com.qingchi.server.controller.MessageController.sendMsg(com.qingchi.base.model.user.UserDO,com.qingchi.server.model.MessageAddVO) throws java.io.IOException
2020-12-27 12:43:42.600  INFO 2756 --- [main] s.w.s.m.m.a.RequestMappingHandlerMapping : Mapped "{[/message/queryMessages],methods=[POST]}" onto public com.qingchi.base.common.ResultVO<java.util.List<com.qingchi.base.modelVO.MessageVO>> com.qingchi.server.controller.MessageController.queryMessages(com.qingchi.base.model.user.UserDO,com.qingchi.server.model.MessageQueryVO)
2020-12-27 12:43:42.600  INFO 2756 --- [main] s.w.s.m.m.a.RequestMappingHandlerMapping : Mapped "{[/message/deleteMsg],methods=[POST]}" onto public com.qingchi.base.common.ResultVO<java.lang.Object> com.qingchi.server.controller.MessageController.deleteMsg(com.qingchi.base.model.user.UserDO,com.qingchi.server.model.MsgDeleteVO)
2020-12-27 12:43:42.601  INFO 2756 --- [main] s.w.s.m.m.a.RequestMappingHandlerMapping : Mapped "{[/user/appLogin],methods=[POST]}" onto public com.qingchi.base.common.ResultVO<?> com.qingchi.server.controller.MiniAppLoginController.appLogin(com.qingchi.base.platform.weixin.login.AppLoginVO)
2020-12-27 12:43:42.601  INFO 2756 --- [main] s.w.s.m.m.a.RequestMappingHandlerMapping : Mapped "{[/user/bindPhoneNum],methods=[POST]}" onto public com.qingchi.base.common.ResultVO<?> com.qingchi.server.controller.MiniAppLoginController.bindPhoneNum(com.qingchi.base.platform.weixin.login.LoginDataVO,com.qingchi.base.model.user.UserDO)
2020-12-27 12:43:42.602  INFO 2756 --- [main] s.w.s.m.m.a.RequestMappingHandlerMapping : Mapped "{[/user/miniAppLogin],methods=[POST]}" onto public com.qingchi.base.common.ResultVO<?> com.qingchi.server.controller.MiniAppLoginController.miniAppLogin(com.qingchi.base.platform.weixin.login.LoginDataVO)
2020-12-27 12:43:42.602  INFO 2756 --- [main] s.w.s.m.m.a.RequestMappingHandlerMapping : Mapped "{[/user/bindPhoneNum2],methods=[POST]}" onto public com.qingchi.base.common.ResultVO<?> com.qingchi.server.controller.MiniAppLoginController.bindPhoneNum2(com.qingchi.base.platform.weixin.login.LoginDataVO,com.qingchi.base.model.user.UserDO)
2020-12-27 12:43:42.603  INFO 2756 --- [main] s.w.s.m.m.a.RequestMappingHandlerMapping : Mapped "{[/notify/queryNotifies],methods=[POST]}" onto public com.qingchi.base.common.ResultVO<java.util.List<com.qingchi.base.modelVO.UnreadNotifyVO>> com.qingchi.server.controller.NotifyController.queryNotifies(com.qingchi.base.model.user.UserDO)
2020-12-27 12:43:42.603  INFO 2756 --- [main] s.w.s.m.m.a.RequestMappingHandlerMapping : Mapped "{[/notify/queryUnreadNotifiesAndUpdateHasRead],methods=[POST]}" onto public com.qingchi.base.common.ResultVO<java.util.List<com.qingchi.base.modelVO.UnreadNotifyVO>> com.qingchi.server.controller.NotifyController.queryUnreadNotifiesAndUpdateHasRead(com.qingchi.base.model.user.UserDO)
2020-12-27 12:43:42.603  INFO 2756 --- [main] s.w.s.m.m.a.RequestMappingHandlerMapping : Mapped "{[/notify/queryUnreadNotifies],methods=[POST]}" onto public com.qingchi.base.common.ResultVO<java.util.List<com.qingchi.base.modelVO.UnreadNotifyVO>> com.qingchi.server.controller.NotifyController.queryUnreadComments(com.qingchi.base.model.user.UserDO)
2020-12-27 12:43:42.605  INFO 2756 --- [main] s.w.s.m.m.a.RequestMappingHandlerMapping : Mapped "{[/user/qqPayNotify],methods=[POST],consumes=[application/xml],produces=[application/xml]}" onto public com.qingchi.base.platform.qq.QQPayResult com.qingchi.server.controller.PayResultNotifyController.qqPayNotify(com.qingchi.server.platform.QQPayNotifyResult)
2020-12-27 12:43:42.605  INFO 2756 --- [main] s.w.s.m.m.a.RequestMappingHandlerMapping : Mapped "{[/user/wxPayNotify],produces=[application/xml]}" onto public com.qingchi.base.platform.qq.QQPayResult com.qingchi.server.controller.PayResultNotifyController.wxPayNotify(java.lang.String) throws java.io.IOException
2020-12-27 12:43:42.606  INFO 2756 --- [main] s.w.s.m.m.a.RequestMappingHandlerMapping : Mapped "{[/user/platformLogin],methods=[POST]}" onto public com.qingchi.base.common.ResultVO<?> com.qingchi.server.controller.PlatformLoginController.platformLogin(com.qingchi.base.platform.weixin.login.LoginDataVO)
2020-12-27 12:43:42.607  INFO 2756 --- [main] s.w.s.m.m.a.RequestMappingHandlerMapping : Mapped "{[/talk/queryTalks],methods=[POST]}" onto public com.qingchi.base.common.ResultVO<?> com.qingchi.server.controller.QueryTalkController.queryTalkList(com.qingchi.base.model.user.UserDO,com.qingchi.server.model.TalkQueryVO)
2020-12-27 12:43:42.607  INFO 2756 --- [main] s.w.s.m.m.a.RequestMappingHandlerMapping : Mapped "{[/talk/queryTalkDetail],methods=[POST]}" onto public com.qingchi.base.common.ResultVO<com.qingchi.server.model.TalkVO> com.qingchi.server.controller.QueryTalkController.queryTalkList(java.lang.Integer,com.qingchi.base.model.user.UserDO)
2020-12-27 12:43:42.608  INFO 2756 --- [main] s.w.s.m.m.a.RequestMappingHandlerMapping : Mapped "{[/talk/queryUserTalks],methods=[POST]}" onto public com.qingchi.base.common.ResultVO<java.util.List<com.qingchi.server.model.TalkVO>> com.qingchi.server.controller.QueryTalkController.queryUserTalks(com.qingchi.server.model.UserTalkQueryVO,com.qingchi.base.model.user.UserDO)
2020-12-27 12:43:42.608  INFO 2756 --- [main] s.w.s.m.m.a.RequestMappingHandlerMapping : Mapped "{[/talk/queryOtherHomeTypeTalks],methods=[POST]}" onto public com.qingchi.base.common.ResultVO<?> com.qingchi.server.controller.QueryTalkController.queryOtherHomeTypeTalks(com.qingchi.base.model.user.UserDO,com.qingchi.server.model.TalkQueryVO)
2020-12-27 12:43:42.608  INFO 2756 --- [main] s.w.s.m.m.a.RequestMappingHandlerMapping : Mapped "{[/report/addReport],methods=[POST]}" onto public com.qingchi.base.common.ResultVO<?> com.qingchi.server.controller.ReportController.addReport(com.qingchi.base.model.report.ReportAddVO,com.qingchi.base.model.user.UserDO)
2020-12-27 12:43:42.609  INFO 2756 --- [main] s.w.s.m.m.a.RequestMappingHandlerMapping : Mapped "{[/shell/queryShells],methods=[POST]}" onto public com.qingchi.base.common.ResultVO<java.util.List<com.qingchi.server.model.ShellOrderVO>> com.qingchi.server.controller.ShellController.queryShells(com.qingchi.base.model.user.UserDO)
2020-12-27 12:43:42.610  INFO 2756 --- [main] s.w.s.m.m.a.RequestMappingHandlerMapping : Mapped "{[/tag/queryTagTypes],methods=[POST]}" onto public com.qingchi.base.common.ResultVO<java.util.List<com.qingchi.base.redis.TagTypeVO>> com.qingchi.server.controller.TagController.queryTagTypes()
2020-12-27 12:43:42.610  INFO 2756 --- [main] s.w.s.m.m.a.RequestMappingHandlerMapping : Mapped "{[/tag/queryTags],methods=[POST]}" onto public com.qingchi.base.common.ResultVO<java.util.List<com.qingchi.base.redis.TagVO>> com.qingchi.server.controller.TagController.queryTags()
2020-12-27 12:43:42.610  INFO 2756 --- [main] s.w.s.m.m.a.RequestMappingHandlerMapping : Mapped "{[/tag/queryHotTags],methods=[POST]}" onto public com.qingchi.base.common.ResultVO<java.util.List<com.qingchi.base.redis.TagVO>> com.qingchi.server.controller.TagController.queryHotTags()
2020-12-27 12:43:42.610  INFO 2756 --- [main] s.w.s.m.m.a.RequestMappingHandlerMapping : Mapped "{[/tag/addTag],methods=[POST]}" onto public com.qingchi.base.common.ResultVO<com.qingchi.base.redis.TagVO> com.qingchi.server.controller.TagController.addTag(com.qingchi.base.model.user.UserDO,com.qingchi.server.model.TagAddVO)
2020-12-27 12:43:42.611  INFO 2756 --- [main] s.w.s.m.m.a.RequestMappingHandlerMapping : Mapped "{[/talk/deleteTalk],methods=[POST]}" onto public com.qingchi.base.common.ResultVO<java.lang.Object> com.qingchi.server.controller.TalkController.deleteTalk(com.qingchi.base.model.user.UserDO,com.qingchi.server.model.TalkDeleteVO)
2020-12-27 12:43:42.611  INFO 2756 --- [main] s.w.s.m.m.a.RequestMappingHandlerMapping : Mapped "{[/talk/addTalk],methods=[POST]}" onto public com.qingchi.base.common.ResultVO com.qingchi.server.controller.TalkController.addTalk(com.qingchi.base.model.user.UserDO,com.qingchi.server.model.TalkAddVO) throws java.io.IOException
2020-12-27 12:43:42.612  INFO 2756 --- [main] s.w.s.m.m.a.RequestMappingHandlerMapping : Mapped "{[/test]}" onto public com.qingchi.base.common.ResultVO<java.lang.Object> com.qingchi.server.controller.TestControllerController.testUrl(java.lang.String)
2020-12-27 12:43:42.612  INFO 2756 --- [main] s.w.s.m.m.a.RequestMappingHandlerMapping : Mapped "{[/upload/img],methods=[POST]}" onto public com.qingchi.base.common.ResultVO<com.qingchi.server.model.UploadImgVO> com.qingchi.server.controller.UploadController.uploadImg(com.qingchi.base.model.user.UserDO,org.springframework.web.multipart.MultipartFile,java.lang.String) throws java.io.IOException
2020-12-27 12:43:42.613  INFO 2756 --- [main] s.w.s.m.m.a.RequestMappingHandlerMapping : Mapped "{[/upload/imgs],methods=[POST]}" onto public java.lang.String com.qingchi.server.controller.UploadController.uploadImgList(org.springframework.web.multipart.MultipartFile[])
2020-12-27 12:43:42.614  INFO 2756 --- [main] s.w.s.m.m.a.RequestMappingHandlerMapping : Mapped "{[/user/idCard/add],methods=[POST]}" onto public com.qingchi.base.common.ResultVO<com.qingchi.server.model.UserDetailVO> com.qingchi.server.controller.UserDetailController.addIdCard(com.qingchi.base.model.user.UserDO,com.qingchi.server.model.IdCardVO)
2020-12-27 12:43:42.614  INFO 2756 --- [main] s.w.s.m.m.a.RequestMappingHandlerMapping : Mapped "{[/user/destroyAccount],methods=[POST]}" onto public com.qingchi.base.common.ResultVO<java.lang.String> com.qingchi.server.controller.UserDetailController.destroyAccount(com.qingchi.base.model.user.UserDO)
2020-12-27 12:43:42.615  INFO 2756 --- [main] s.w.s.m.m.a.RequestMappingHandlerMapping : Mapped "{[/user/deleteImg],methods=[POST]}" onto public com.qingchi.base.common.ResultVO<com.qingchi.server.model.UserDetailVO> com.qingchi.server.controller.UserDetailController.deleteImg(com.qingchi.base.model.user.UserDO,com.qingchi.server.model.UserImgDeleteVO)
2020-12-27 12:43:42.615  INFO 2756 --- [main] s.w.s.m.m.a.RequestMappingHandlerMapping : Mapped "{[/user/mine],methods=[POST]}" onto public com.qingchi.base.common.ResultVO<com.qingchi.server.model.UserDetailVO> com.qingchi.server.controller.UserDetailController.getUserMine(com.qingchi.base.model.user.UserDO)
2020-12-27 12:43:42.615  INFO 2756 --- [main] s.w.s.m.m.a.RequestMappingHandlerMapping : Mapped "{[/user/queryUserDetail],methods=[POST]}" onto public com.qingchi.base.common.ResultVO<com.qingchi.server.model.UserDetailVO> com.qingchi.server.controller.UserDetailController.queryUserDetail(com.qingchi.base.model.user.UserDO,com.qingchi.server.model.UserQueryVO)
2020-12-27 12:43:42.615  INFO 2756 --- [main] s.w.s.m.m.a.RequestMappingHandlerMapping : Mapped "{[/user/addImg],methods=[POST]}" onto public com.qingchi.base.common.ResultVO<com.qingchi.server.model.UserDetailVO> com.qingchi.server.controller.UserDetailController.addImg(com.qingchi.base.model.user.UserDO,com.qingchi.server.model.UserImgVO)
2020-12-27 12:43:42.615  INFO 2756 --- [main] s.w.s.m.m.a.RequestMappingHandlerMapping : Mapped "{[/user/getUserContact],methods=[POST]}" onto public com.qingchi.base.common.ResultVO<java.lang.String> com.qingchi.server.controller.UserDetailController.getUserContact(com.qingchi.base.model.user.UserDO,com.qingchi.server.model.UserQueryVO)
2020-12-27 12:43:42.615  INFO 2756 --- [main] s.w.s.m.m.a.RequestMappingHandlerMapping : Mapped "{[/user/switchUserContact],methods=[POST]}" onto public com.qingchi.base.common.ResultVO<java.lang.String> com.qingchi.server.controller.UserDetailController.switchUserContact(com.qingchi.base.model.user.UserDO,java.lang.Boolean)
2020-12-27 12:43:42.616  INFO 2756 --- [main] s.w.s.m.m.a.RequestMappingHandlerMapping : Mapped "{[/user/payVipNew],methods=[POST]}" onto public com.qingchi.base.common.ResultVO<com.qingchi.server.model.UserPayResultVO> com.qingchi.server.controller.UserPayController.payVipNew(java.lang.String,javax.servlet.http.HttpServletRequest,com.qingchi.base.model.user.UserDO) throws java.io.IOException
2020-12-27 12:43:42.617  INFO 2756 --- [main] s.w.s.m.m.a.RequestMappingHandlerMapping : Mapped "{[/user/payVip],methods=[POST]}" onto public com.qingchi.base.common.ResultVO<com.qingchi.server.model.UserPayResultVO> com.qingchi.server.controller.UserPayController.payVip(java.lang.String,javax.servlet.http.HttpServletRequest,com.qingchi.base.model.user.UserDO) throws java.io.IOException
2020-12-27 12:43:42.617  INFO 2756 --- [main] s.w.s.m.m.a.RequestMappingHandlerMapping : Mapped "{[/user/pay],methods=[POST]}" onto public com.qingchi.base.common.ResultVO<com.qingchi.server.model.UserPayResultVO> com.qingchi.server.controller.UserPayController.pay(com.qingchi.server.model.UserPayVO,javax.servlet.http.HttpServletRequest,com.qingchi.base.model.user.UserDO) throws java.io.IOException
2020-12-27 12:43:42.618  INFO 2756 --- [main] s.w.s.m.m.a.RequestMappingHandlerMapping : Mapped "{[/user/updateAvatar],methods=[POST]}" onto public com.qingchi.base.common.ResultVO<?> com.qingchi.server.controller.UserUpdateController.updateAvatar(java.lang.String,com.qingchi.base.model.user.UserDO)
2020-12-27 12:43:42.618  INFO 2756 --- [main] s.w.s.m.m.a.RequestMappingHandlerMapping : Mapped "{[/user/edit],methods=[POST]}" onto public com.qingchi.base.common.ResultVO<com.qingchi.server.model.UserDetailVO> com.qingchi.server.controller.UserUpdateController.editUser(com.qingchi.base.model.user.UserDO,com.qingchi.server.model.UserEditVO)
2020-12-27 12:43:42.621  INFO 2756 --- [main] s.w.s.m.m.a.RequestMappingHandlerMapping : Mapped "{[/error]}" onto public org.springframework.http.ResponseEntity<java.util.Map<java.lang.String, java.lang.Object>> org.springframework.boot.autoconfigure.web.servlet.error.BasicErrorController.error(javax.servlet.http.HttpServletRequest)
2020-12-27 12:43:42.621  INFO 2756 --- [main] s.w.s.m.m.a.RequestMappingHandlerMapping : Mapped "{[/error],produces=[text/html]}" onto public org.springframework.web.servlet.ModelAndView org.springframework.boot.autoconfigure.web.servlet.error.BasicErrorController.errorHtml(javax.servlet.http.HttpServletRequest,javax.servlet.http.HttpServletResponse)
2020-12-27 12:43:42.674  INFO 2756 --- [main] o.s.w.s.handler.SimpleUrlHandlerMapping  : Mapped URL path [/img/**] onto handler of type [class org.springframework.web.servlet.resource.ResourceHttpRequestHandler]
2020-12-27 12:43:42.674  INFO 2756 --- [main] o.s.w.s.handler.SimpleUrlHandlerMapping  : Mapped URL path [/webjars/**] onto handler of type [class org.springframework.web.servlet.resource.ResourceHttpRequestHandler]
2020-12-27 12:43:42.674  INFO 2756 --- [main] o.s.w.s.handler.SimpleUrlHandlerMapping  : Mapped URL path [/**] onto handler of type [class org.springframework.web.servlet.resource.ResourceHttpRequestHandler]
2020-12-27 12:43:42.695  INFO 2756 --- [main] .m.m.a.ExceptionHandlerExceptionResolver : Detected ResponseBodyAdvice implementation in myResponseBodyAdvice
2020-12-27 12:43:42.734  INFO 2756 --- [main] o.s.w.s.handler.SimpleUrlHandlerMapping  : Mapped URL path [/**/favicon.ico] onto handler of type [class org.springframework.web.servlet.resource.ResourceHttpRequestHandler]
2020-12-27 12:43:43.494  INFO 2756 --- [main] s.b.a.e.w.s.WebMvcEndpointHandlerMapping : Mapped "{[/actuator/loggers],methods=[GET],produces=[application/vnd.spring-boot.actuator.v2+json || application/json]}" onto public java.lang.Object org.springframework.boot.actuate.endpoint.web.servlet.AbstractWebMvcEndpointHandlerMapping$OperationHandler.handle(javax.servlet.http.HttpServletRequest,java.util.Map<java.lang.String, java.lang.String>)
2020-12-27 12:43:43.495  INFO 2756 --- [main] s.b.a.e.w.s.WebMvcEndpointHandlerMapping : Mapped "{[/actuator/loggers/{name}],methods=[GET],produces=[application/vnd.spring-boot.actuator.v2+json || application/json]}" onto public java.lang.Object org.springframework.boot.actuate.endpoint.web.servlet.AbstractWebMvcEndpointHandlerMapping$OperationHandler.handle(javax.servlet.http.HttpServletRequest,java.util.Map<java.lang.String, java.lang.String>)
2020-12-27 12:43:43.495  INFO 2756 --- [main] s.b.a.e.w.s.WebMvcEndpointHandlerMapping : Mapped "{[/actuator/loggers/{name}],methods=[POST],consumes=[application/vnd.spring-boot.actuator.v2+json || application/json]}" onto public java.lang.Object org.springframework.boot.actuate.endpoint.web.servlet.AbstractWebMvcEndpointHandlerMapping$OperationHandler.handle(javax.servlet.http.HttpServletRequest,java.util.Map<java.lang.String, java.lang.String>)
2020-12-27 12:43:43.496  INFO 2756 --- [main] s.b.a.e.w.s.WebMvcEndpointHandlerMapping : Mapped "{[/actuator],methods=[GET],produces=[application/vnd.spring-boot.actuator.v2+json || application/json]}" onto protected java.util.Map<java.lang.String, java.util.Map<java.lang.String, org.springframework.boot.actuate.endpoint.web.Link>> org.springframework.boot.actuate.endpoint.web.servlet.WebMvcEndpointHandlerMapping.links(javax.servlet.http.HttpServletRequest,javax.servlet.http.HttpServletResponse)
2020-12-27 12:43:43.597  INFO 2756 --- [main] o.s.c.support.DefaultLifecycleProcessor  : Starting beans in phase 2147483647
2020-12-27 12:43:43.686  INFO 2756 --- [redisContainer-1] io.lettuce.core.EpollProvider            : Starting without optional epoll library
2020-12-27 12:43:43.689  INFO 2756 --- [redisContainer-1] io.lettuce.core.KqueueProvider           : Starting without optional kqueue library
2020-12-27 12:43:44.026  INFO 2756 --- [main] com.qingchi.admin.RedisTest              : Started RedisTest in 11.095 seconds (JVM running for 11.997)
2020-12-27 12:43:44.106  INFO 2756 --- [taskScheduler-3] com.qingchi.base.utils.QingLogger        : 更新违禁词，违禁词数量：1，违禁词列表：[304326604]
2020-12-27 12:43:44.110  INFO 2756 --- [main] com.qingchi.base.utils.QingLogger        : 系统配置表数据：{childProtectUrl=https://www.qingchi1.com/childProtect, appHotUpdateVersion=100, 展示动态详情页广告=true, 用户IP可以获取几次验证码=10, rewardedAdLimit=3, appWgtUpdateUrl=null, userAgreementUrl=https://www.qingchi1.com/agreement, wbService=清池恋爱交友app, swiperHeight=260, 广告展示数量间隔=8, showSwipers=true, 限制每天高质量举报次数=30, suggestUrl=https://www.qingchi1.com/suggest, systemError605=账号违规，被封禁，有任何疑问，联系客服微博：清池恋爱交友app，微信或qq:491369310, systemError604=系统出错，请联系客服微博：清池恋爱交友app，微信或qq:491369310, contactUsUrl=https://www.qingchi1.com/contact, 601未登录提示=未登录，请先进行登录操作, talkCacheNum=3, 展示我的信息页广告=true, homeUrl=https://www.qingchi1.com/, 微博账号=清池恋爱交友app , 605用户被封禁提示=账号违规，被封禁，有任何疑问，联系客服微博：清池恋爱交友app，微信或qq:491369310, 每次加载动态数量=10, 用户可以获取几次验证码=30, 广告展示分钟间隔=30, 展示聊天页广告=true, 604系统异常提示=系统出错，请联系客服微博：清池恋爱交友app，微信或qq:491369310, appAppUpdateVersion=177, 每天观看激励视频限制次数=3, 匹配页每次加载数量=20, userPrivacyUrl=https://www.qingchi1.com/privacy, wxService=491369310, 被举报几次隐藏=1, 展示用户详情页广告=true, 验证码有效时间多少分=30, systemError601=未登录，请先进行登录操作, 开启会话需要支付的贝壳数量=10, vipPrice=300, 展示动态列表页广告=true, authCodeInterval=120, qqService=491369310, 验证码间隔多少秒=120, reportHideCount=1, 动态页广告展示次数=5, sysServiceReceiveRatio=5, 动态页展示广告索引列表=[7, 15, 27, 43, 63], qq账号=491369310, contactExpenseShell=10, 手机号可以获取几次验证码=30, 微信账号=491369310}
2020-12-27 12:43:44.120  INFO 2756 --- [taskScheduler-1] com.qingchi.base.utils.QingLogger        : 今日时间Sun Dec 27 12:43:44 CST 2020，解封用户数量：0
2020-12-27 12:43:44.123  INFO 2756 --- [main] com.qingchi.base.utils.QingLogger        : 更新违禁词，违禁词数量：1，违禁词列表：[304326604]
2020-12-27 12:43:44.202  INFO 2756 --- [taskScheduler-3] com.qingchi.base.utils.QingLogger        : 更新违禁词，违禁词数量：714
2020-12-27 12:43:44.204  INFO 2756 --- [main] com.qingchi.base.utils.QingLogger        : 更新违禁词，违禁词数量：714
2020-12-27 12:43:44.295  INFO 2756 --- [Thread-10] o.s.w.c.s.GenericWebApplicationContext   : Closing org.springframework.web.context.support.GenericWebApplicationContext@6a66a204: startup date [Sun Dec 27 12:43:33 CST 2020]; root of context hierarchy
2020-12-27 12:43:44.297  INFO 2756 --- [Thread-10] o.s.c.support.DefaultLifecycleProcessor  : Stopping beans in phase 2147483647
2020-12-27 12:43:44.301  INFO 2756 --- [Thread-10] o.s.s.c.ThreadPoolTaskScheduler          : Shutting down ExecutorService 'taskScheduler'
2020-12-27 12:43:45.425  INFO 2756 --- [Thread-10] j.LocalContainerEntityManagerFactoryBean : Closing JPA EntityManagerFactory for persistence unit 'default'
2020-12-27 12:43:45.427  INFO 2756 --- [Thread-10] com.zaxxer.hikari.HikariDataSource       : HikariPool-1 - Shutdown initiated...
2020-12-27 12:43:45.430  INFO 2756 --- [Thread-10] com.zaxxer.hikari.HikariDataSource       : HikariPool-1 - Shutdown completed.
2020-12-27 12:45:40.835  WARN 12640 --- [main] ory$DuplicateJsonObjectContextCustomizer : 

Found multiple occurrences of org.json.JSONObject on the class path:

	jar:file:/D:/devTools/mvnRepository/com/vaadin/external/google/android-json/0.0.20131108.vaadin1/android-json-0.0.20131108.vaadin1.jar!/org/json/JSONObject.class
	jar:file:/D:/devTools/mvnRepository/org/json/json/20170516/json-20170516.jar!/org/json/JSONObject.class

You may wish to exclude one of them to ensure predictable runtime behavior

2020-12-27 12:45:40.847  INFO 12640 --- [main] com.qingchi.admin.RedisTest              : Starting RedisTest on qky-pc with PID 12640 (started by qinky in D:\javaProject\qingchi-web)
2020-12-27 12:45:40.847  INFO 12640 --- [main] com.qingchi.admin.RedisTest              : The following profiles are active: local
2020-12-27 12:45:40.870  INFO 12640 --- [main] o.s.w.c.s.GenericWebApplicationContext   : Refreshing org.springframework.web.context.support.GenericWebApplicationContext@6f0ca692: startup date [Sun Dec 27 12:45:40 CST 2020]; root of context hierarchy
2020-12-27 12:45:41.548  INFO 12640 --- [main] .s.d.r.c.RepositoryConfigurationDelegate : Multiple Spring Data modules found, entering strict repository configuration mode!
2020-12-27 12:45:41.701  INFO 12640 --- [main] .s.d.r.c.RepositoryConfigurationDelegate : Multiple Spring Data modules found, entering strict repository configuration mode!
2020-12-27 12:45:41.895  WARN 12640 --- [main] o.m.s.mapper.ClassPathMapperScanner      : No MyBatis mapper was found in '[com.qingchi.server]' package. Please check your configuration.
2020-12-27 12:45:42.041  INFO 12640 --- [main] .s.d.r.c.RepositoryConfigurationDelegate : Multiple Spring Data modules found, entering strict repository configuration mode!
2020-12-27 12:45:42.526  INFO 12640 --- [main] trationDelegate$BeanPostProcessorChecker : Bean 'org.springframework.cache.annotation.ProxyCachingConfiguration' of type [org.springframework.cache.annotation.ProxyCachingConfiguration$$EnhancerBySpringCGLIB$$ea92052] is not eligible for getting processed by all BeanPostProcessors (for example: not eligible for auto-proxying)
2020-12-27 12:45:42.651  INFO 12640 --- [main] trationDelegate$BeanPostProcessorChecker : Bean 'org.springframework.transaction.annotation.ProxyTransactionManagementConfiguration' of type [org.springframework.transaction.annotation.ProxyTransactionManagementConfiguration$$EnhancerBySpringCGLIB$$c596ea34] is not eligible for getting processed by all BeanPostProcessors (for example: not eligible for auto-proxying)
2020-12-27 12:45:43.026  INFO 12640 --- [main] com.zaxxer.hikari.HikariDataSource       : HikariPool-1 - Starting...
2020-12-27 12:45:43.321  INFO 12640 --- [main] com.zaxxer.hikari.HikariDataSource       : HikariPool-1 - Start completed.
2020-12-27 12:45:43.368  INFO 12640 --- [main] j.LocalContainerEntityManagerFactoryBean : Building JPA container EntityManagerFactory for persistence unit 'default'
2020-12-27 12:45:43.385  INFO 12640 --- [main] o.hibernate.jpa.internal.util.LogHelper  : HHH000204: Processing PersistenceUnitInfo [
	name: default
	...]
2020-12-27 12:45:43.447  INFO 12640 --- [main] org.hibernate.Version                    : HHH000412: Hibernate Core {5.2.14.Final}
2020-12-27 12:45:43.448  INFO 12640 --- [main] org.hibernate.cfg.Environment            : HHH000206: hibernate.properties not found
2020-12-27 12:45:43.482  INFO 12640 --- [main] o.hibernate.annotations.common.Version   : HCANN000001: Hibernate Commons Annotations {5.0.1.Final}
2020-12-27 12:45:43.618  INFO 12640 --- [main] org.hibernate.dialect.Dialect            : HHH000400: Using dialect: org.hibernate.dialect.MySQL5Dialect
2020-12-27 12:45:45.905  INFO 12640 --- [main] j.LocalContainerEntityManagerFactoryBean : Initialized JPA EntityManagerFactory for persistence unit 'default'
2020-12-27 12:45:46.472  INFO 12640 --- [main] o.h.h.i.QueryTranslatorFactoryInitiator  : HHH000397: Using ASTQueryTranslatorFactory
2020-12-27 12:45:48.429  INFO 12640 --- [main] o.s.s.c.ThreadPoolTaskScheduler          : Initializing ExecutorService 
2020-12-27 12:45:48.434  INFO 12640 --- [main] o.s.s.c.ThreadPoolTaskScheduler          : Initializing ExecutorService  'taskScheduler'
2020-12-27 12:45:48.466  INFO 12640 --- [main] o.s.w.s.s.s.WebSocketHandlerMapping      : Mapped URL path [/webSocket/message] onto handler of type [class org.springframework.web.socket.server.support.WebSocketHttpRequestHandler]
2020-12-27 12:45:48.890  INFO 12640 --- [main] s.w.s.m.m.a.RequestMappingHandlerAdapter : Looking for @ControllerAdvice: org.springframework.web.context.support.GenericWebApplicationContext@6f0ca692: startup date [Sun Dec 27 12:45:40 CST 2020]; root of context hierarchy
2020-12-27 12:45:48.895  INFO 12640 --- [main] s.w.s.m.m.a.RequestMappingHandlerAdapter : Detected ResponseBodyAdvice bean in myResponseBodyAdvice
2020-12-27 12:45:48.961  INFO 12640 --- [main] s.w.s.m.m.a.RequestMappingHandlerMapping : Mapped "{[/app/queryAppInitData],methods=[POST]}" onto public com.qingchi.base.common.ResultVO<?> com.qingchi.server.controller.AppInitController.queryAppInitData(com.qingchi.base.model.user.UserDO,com.qingchi.server.model.TalkQueryVO)
2020-12-27 12:45:48.963  INFO 12640 --- [main] s.w.s.m.m.a.RequestMappingHandlerMapping : Mapped "{[/app/refreshRedis]}" onto public com.qingchi.base.common.ResultVO<java.lang.String> com.qingchi.server.controller.AppInitController.redisOnlineCount(java.lang.String)
2020-12-27 12:45:48.963  INFO 12640 --- [main] s.w.s.m.m.a.RequestMappingHandlerMapping : Mapped "{[/app/test]}" onto public com.qingchi.base.common.ResultVO<com.qingchi.base.platform.qq.QQPayResult> com.qingchi.server.controller.AppInitController.testUrl(java.lang.String)
2020-12-27 12:45:48.963  INFO 12640 --- [main] s.w.s.m.m.a.RequestMappingHandlerMapping : Mapped "{[/app/checkUpdate],methods=[POST]}" onto public com.qingchi.base.common.ResultVO<com.qingchi.server.model.AppUpdateResultVO> com.qingchi.server.controller.AppInitController.checkUpdate(com.qingchi.server.model.AppUpdateVO)
2020-12-27 12:45:48.964  INFO 12640 --- [main] s.w.s.m.m.a.RequestMappingHandlerMapping : Mapped "{[/app/sendErrorLog],methods=[POST]}" onto public com.qingchi.base.common.ResultVO<java.lang.Object> com.qingchi.server.controller.AppInitController.sendErrorLog(com.qingchi.base.model.user.UserDO,com.qingchi.server.model.FrontErrorLogVO)
2020-12-27 12:45:48.964  INFO 12640 --- [main] s.w.s.m.m.a.RequestMappingHandlerMapping : Mapped "{[/app/refreshKeywords]}" onto public com.qingchi.base.common.ResultVO<java.lang.String> com.qingchi.server.controller.AppInitController.refreshKeywords(java.lang.String)
2020-12-27 12:45:48.964  INFO 12640 --- [main] s.w.s.m.m.a.RequestMappingHandlerMapping : Mapped "{[/app/refreshConfigMap]}" onto public com.qingchi.base.common.ResultVO<java.lang.String> com.qingchi.server.controller.AppInitController.refreshConfigMap(java.lang.String)
2020-12-27 12:45:48.965  INFO 12640 --- [main] s.w.s.m.m.a.RequestMappingHandlerMapping : Mapped "{[/app/queryAppInitDataLoad],methods=[POST]}" onto public com.qingchi.base.common.ResultVO<?> com.qingchi.server.controller.AppInitController.queryAppInitDataLoad(com.qingchi.base.model.user.UserDO,com.qingchi.server.model.TalkQueryVO)
2020-12-27 12:45:48.965  INFO 12640 --- [main] s.w.s.m.m.a.RequestMappingHandlerMapping : Mapped "{[/app/queryAppInitDataReady],methods=[POST]}" onto public com.qingchi.base.common.ResultVO<?> com.qingchi.server.controller.AppInitController.queryAppInitDataReady(com.qingchi.base.model.user.UserDO)
2020-12-27 12:45:48.966  INFO 12640 --- [main] s.w.s.m.m.a.RequestMappingHandlerMapping : Mapped "{[/phone/bindPhoneNum],methods=[POST]}" onto public com.qingchi.base.common.ResultVO<?> com.qingchi.server.controller.AppLoginController.bindPhoneNum(com.qingchi.server.model.BindPhoneVO,com.qingchi.base.model.user.UserDO)
2020-12-27 12:45:48.966  INFO 12640 --- [main] s.w.s.m.m.a.RequestMappingHandlerMapping : Mapped "{[/phone/sendAuthCode],methods=[POST]}" onto public com.qingchi.base.common.ResultVO<java.lang.String> com.qingchi.server.controller.AppLoginController.sendAuthCode(java.lang.String,com.qingchi.base.model.user.UserDO,javax.servlet.http.HttpServletRequest)
2020-12-27 12:45:48.967  INFO 12640 --- [main] s.w.s.m.m.a.RequestMappingHandlerMapping : Mapped "{[/phone/appLogin],methods=[POST]}" onto public com.qingchi.base.common.ResultVO<?> com.qingchi.server.controller.AppLoginController.appLogin(com.qingchi.base.platform.weixin.login.LoginDataVO)
2020-12-27 12:45:48.968  INFO 12640 --- [main] s.w.s.m.m.a.RequestMappingHandlerMapping : Mapped "{[/chat/readChat],methods=[POST]}" onto public com.qingchi.base.common.ResultVO<?> com.qingchi.server.controller.ChatController.readChatMessages(com.qingchi.base.model.user.UserDO,com.qingchi.server.model.ChatReadVO)
2020-12-27 12:45:48.968  INFO 12640 --- [main] s.w.s.m.m.a.RequestMappingHandlerMapping : Mapped "{[/chat/queryHomeChat],methods=[POST]}" onto public com.qingchi.base.common.ResultVO<java.util.List<com.qingchi.base.modelVO.ChatVO>> com.qingchi.server.controller.ChatController.queryHomeChat(com.qingchi.base.model.user.UserDO)
2020-12-27 12:45:48.969  INFO 12640 --- [main] s.w.s.m.m.a.RequestMappingHandlerMapping : Mapped "{[/chat/queryChats],methods=[POST]}" onto public com.qingchi.base.common.ResultVO<java.util.List<com.qingchi.base.modelVO.ChatVO>> com.qingchi.server.controller.ChatController.queryChatList(com.qingchi.base.model.user.UserDO)
2020-12-27 12:45:48.969  INFO 12640 --- [main] s.w.s.m.m.a.RequestMappingHandlerMapping : Mapped "{[/chat/openChat],methods=[POST]}" onto public com.qingchi.base.common.ResultVO<com.qingchi.base.modelVO.ChatVO> com.qingchi.server.controller.ChatController.openChat(com.qingchi.base.model.user.UserDO,com.qingchi.server.model.ChatOpenVO)
2020-12-27 12:45:48.969  INFO 12640 --- [main] s.w.s.m.m.a.RequestMappingHandlerMapping : Mapped "{[/chat/removeChat],methods=[POST]}" onto public com.qingchi.base.common.ResultVO<?> com.qingchi.server.controller.ChatController.removeChat(com.qingchi.base.model.user.UserDO,com.qingchi.server.model.ChatRemoveVO)
2020-12-27 12:45:48.969  INFO 12640 --- [main] s.w.s.m.m.a.RequestMappingHandlerMapping : Mapped "{[/chat/queryChat],methods=[POST]}" onto public com.qingchi.base.common.ResultVO<com.qingchi.base.modelVO.ChatVO> com.qingchi.server.controller.ChatController.queryChat(com.qingchi.base.model.user.UserDO,com.qingchi.server.model.UserIdVO)
2020-12-27 12:45:48.972  INFO 12640 --- [main] s.w.s.m.m.a.RequestMappingHandlerMapping : Mapped "{[/comment/deleteComment],methods=[POST]}" onto public com.qingchi.base.common.ResultVO com.qingchi.server.controller.CommentController.deleteComment(com.qingchi.server.model.CommentDeleteVO,com.qingchi.base.model.user.UserDO)
2020-12-27 12:45:48.972  INFO 12640 --- [main] s.w.s.m.m.a.RequestMappingHandlerMapping : Mapped "{[/comment/addComment],methods=[POST]}" onto public com.qingchi.base.common.ResultVO<com.qingchi.server.model.TalkCommentVO> com.qingchi.server.controller.CommentController.commentAdd(com.qingchi.server.model.CommentAddVO,com.qingchi.base.model.user.UserDO) throws java.io.IOException
2020-12-27 12:45:48.976  INFO 12640 --- [main] s.w.s.m.m.a.RequestMappingHandlerMapping : Mapped "{[/cos/getCosAuthorization],methods=[POST]}" onto public com.qingchi.base.common.ResultVO<java.lang.String> com.qingchi.server.controller.CosAuthController.getCosAuthorization(com.qingchi.base.model.user.UserDO)
2020-12-27 12:45:48.977  INFO 12640 --- [main] s.w.s.m.m.a.RequestMappingHandlerMapping : Mapped "{[/district/queryHotProvinceDistricts],methods=[POST]}" onto public com.qingchi.base.common.ResultVO<java.util.List<com.qingchi.base.redis.DistrictVO>> com.qingchi.server.controller.DistrictController.queryHotProvinceDistricts()
2020-12-27 12:45:48.977  INFO 12640 --- [main] s.w.s.m.m.a.RequestMappingHandlerMapping : Mapped "{[/district/queryProvinceDistricts],methods=[POST]}" onto public com.qingchi.base.common.ResultVO<java.util.List<com.qingchi.base.redis.DistrictVO>> com.qingchi.server.controller.DistrictController.queryProvinceDistricts()
2020-12-27 12:45:48.978  INFO 12640 --- [main] s.w.s.m.m.a.RequestMappingHandlerMapping : Mapped "{[/follow/queryUserFollows],methods=[POST]}" onto public com.qingchi.base.common.ResultVO<java.util.Map<java.lang.String, java.util.List<com.qingchi.server.model.FollowUserVO>>> com.qingchi.server.controller.FollowController.queryUserFollows(com.qingchi.base.model.user.UserDO)
2020-12-27 12:45:48.978  INFO 12640 --- [main] s.w.s.m.m.a.RequestMappingHandlerMapping : Mapped "{[/follow/cancelFollow],methods=[POST]}" onto public com.qingchi.base.common.ResultVO com.qingchi.server.controller.FollowController.cancelFollow(com.qingchi.base.modelVO.FollowAddVO,com.qingchi.base.model.user.UserDO)
2020-12-27 12:45:48.979  INFO 12640 --- [main] s.w.s.m.m.a.RequestMappingHandlerMapping : Mapped "{[/follow/addFollow],methods=[POST]}" onto public com.qingchi.base.common.ResultVO<?> com.qingchi.server.controller.FollowController.addFollow(com.qingchi.base.modelVO.FollowAddVO,com.qingchi.base.model.user.UserDO)
2020-12-27 12:45:48.979  INFO 12640 --- [main] s.w.s.m.m.a.RequestMappingHandlerMapping : Mapped "{[/hug/addHug],methods=[POST]}" onto public com.qingchi.base.common.ResultVO<com.qingchi.server.model.HugVO> com.qingchi.server.controller.HugController.addHug(com.qingchi.server.model.HugAddVO,com.qingchi.base.model.user.UserDO)
2020-12-27 12:45:48.980  INFO 12640 --- [main] s.w.s.m.m.a.RequestMappingHandlerMapping : Mapped "{[/identity/auth],methods=[POST]}" onto public com.qingchi.base.common.ResultVO<?> com.qingchi.server.controller.IdentityController.identityAuth(com.qingchi.base.model.user.UserDO,com.qingchi.server.model.UserImgVO)
2020-12-27 12:45:48.980  INFO 12640 --- [main] s.w.s.m.m.a.RequestMappingHandlerMapping : Mapped "{[/]}" onto public java.lang.String com.qingchi.server.controller.IndexController.index()
2020-12-27 12:45:48.981  INFO 12640 --- [main] s.w.s.m.m.a.RequestMappingHandlerMapping : Mapped "{[/loveValue/watchVideoAd],methods=[POST]}" onto public com.qingchi.base.common.ResultVO<java.lang.Integer> com.qingchi.server.controller.LoveValueController.watchVideoAd(com.qingchi.base.model.user.UserDO,java.lang.Boolean)
2020-12-27 12:45:48.981  INFO 12640 --- [main] s.w.s.m.m.a.RequestMappingHandlerMapping : Mapped "{[/loveValue/watchVideoAd2],methods=[POST]}" onto public com.qingchi.base.common.ResultVO<java.util.Map> com.qingchi.server.controller.LoveValueController.watchVideoAd2(com.qingchi.base.model.user.UserDO,java.lang.Boolean)
2020-12-27 12:45:48.981  INFO 12640 --- [main] s.w.s.m.m.a.RequestMappingHandlerMapping : Mapped "{[/loveValue/queryTodayLoveValue],methods=[POST]}" onto public com.qingchi.base.common.ResultVO<java.lang.Integer> com.qingchi.server.controller.LoveValueController.queryTodayLoveValue(com.qingchi.base.model.user.UserDO)
2020-12-27 12:45:48.982  INFO 12640 --- [main] s.w.s.m.m.a.RequestMappingHandlerMapping : Mapped "{[/match/unlikeMatchUser],methods=[POST]}" onto public com.qingchi.base.common.ResultVO<?> com.qingchi.server.controller.MatchRequestController.unlikeMatchUser(com.qingchi.base.model.user.UserDO,java.lang.Integer) throws java.lang.Exception
2020-12-27 12:45:48.982  INFO 12640 --- [main] s.w.s.m.m.a.RequestMappingHandlerMapping : Mapped "{[/match/likeMatchUser],methods=[POST]}" onto public com.qingchi.base.common.ResultVO<?> com.qingchi.server.controller.MatchRequestController.likeMatch(com.qingchi.base.model.user.UserDO,java.lang.Integer) throws java.lang.Exception
2020-12-27 12:45:48.982  INFO 12640 --- [main] s.w.s.m.m.a.RequestMappingHandlerMapping : Mapped "{[/match/userRealAuth],methods=[POST]}" onto public com.qingchi.base.common.ResultVO<?> com.qingchi.server.controller.MatchRequestController.userRealAuth(com.qingchi.base.model.user.UserDO,java.lang.Integer) throws java.lang.Exception
2020-12-27 12:45:48.983  INFO 12640 --- [main] s.w.s.m.m.a.RequestMappingHandlerMapping : Mapped "{[/match/queryMatchUsers],methods=[POST]}" onto public com.qingchi.base.common.ResultVO<java.util.List<com.qingchi.server.model.UserDetailVO>> com.qingchi.server.controller.MatchUserQueryController.queryMatchUsers(com.qingchi.base.model.user.UserDO,com.qingchi.server.model.UserMatchQueryVO)
2020-12-27 12:45:48.984  INFO 12640 --- [main] s.w.s.m.m.a.RequestMappingHandlerMapping : Mapped "{[/message/sendMsg],methods=[POST]}" onto public com.qingchi.base.common.ResultVO<com.qingchi.base.modelVO.MessageVO> com.qingchi.server.controller.MessageController.sendMsg(com.qingchi.base.model.user.UserDO,com.qingchi.server.model.MessageAddVO) throws java.io.IOException
2020-12-27 12:45:48.984  INFO 12640 --- [main] s.w.s.m.m.a.RequestMappingHandlerMapping : Mapped "{[/message/deleteMsg],methods=[POST]}" onto public com.qingchi.base.common.ResultVO<java.lang.Object> com.qingchi.server.controller.MessageController.deleteMsg(com.qingchi.base.model.user.UserDO,com.qingchi.server.model.MsgDeleteVO)
2020-12-27 12:45:48.984  INFO 12640 --- [main] s.w.s.m.m.a.RequestMappingHandlerMapping : Mapped "{[/message/queryMessages],methods=[POST]}" onto public com.qingchi.base.common.ResultVO<java.util.List<com.qingchi.base.modelVO.MessageVO>> com.qingchi.server.controller.MessageController.queryMessages(com.qingchi.base.model.user.UserDO,com.qingchi.server.model.MessageQueryVO)
2020-12-27 12:45:48.985  INFO 12640 --- [main] s.w.s.m.m.a.RequestMappingHandlerMapping : Mapped "{[/user/bindPhoneNum],methods=[POST]}" onto public com.qingchi.base.common.ResultVO<?> com.qingchi.server.controller.MiniAppLoginController.bindPhoneNum(com.qingchi.base.platform.weixin.login.LoginDataVO,com.qingchi.base.model.user.UserDO)
2020-12-27 12:45:48.985  INFO 12640 --- [main] s.w.s.m.m.a.RequestMappingHandlerMapping : Mapped "{[/user/bindPhoneNum2],methods=[POST]}" onto public com.qingchi.base.common.ResultVO<?> com.qingchi.server.controller.MiniAppLoginController.bindPhoneNum2(com.qingchi.base.platform.weixin.login.LoginDataVO,com.qingchi.base.model.user.UserDO)
2020-12-27 12:45:48.985  INFO 12640 --- [main] s.w.s.m.m.a.RequestMappingHandlerMapping : Mapped "{[/user/miniAppLogin],methods=[POST]}" onto public com.qingchi.base.common.ResultVO<?> com.qingchi.server.controller.MiniAppLoginController.miniAppLogin(com.qingchi.base.platform.weixin.login.LoginDataVO)
2020-12-27 12:45:48.986  INFO 12640 --- [main] s.w.s.m.m.a.RequestMappingHandlerMapping : Mapped "{[/user/appLogin],methods=[POST]}" onto public com.qingchi.base.common.ResultVO<?> com.qingchi.server.controller.MiniAppLoginController.appLogin(com.qingchi.base.platform.weixin.login.AppLoginVO)
2020-12-27 12:45:48.986  INFO 12640 --- [main] s.w.s.m.m.a.RequestMappingHandlerMapping : Mapped "{[/notify/queryUnreadNotifiesAndUpdateHasRead],methods=[POST]}" onto public com.qingchi.base.common.ResultVO<java.util.List<com.qingchi.base.modelVO.UnreadNotifyVO>> com.qingchi.server.controller.NotifyController.queryUnreadNotifiesAndUpdateHasRead(com.qingchi.base.model.user.UserDO)
2020-12-27 12:45:48.986  INFO 12640 --- [main] s.w.s.m.m.a.RequestMappingHandlerMapping : Mapped "{[/notify/queryNotifies],methods=[POST]}" onto public com.qingchi.base.common.ResultVO<java.util.List<com.qingchi.base.modelVO.UnreadNotifyVO>> com.qingchi.server.controller.NotifyController.queryNotifies(com.qingchi.base.model.user.UserDO)
2020-12-27 12:45:48.986  INFO 12640 --- [main] s.w.s.m.m.a.RequestMappingHandlerMapping : Mapped "{[/notify/queryUnreadNotifies],methods=[POST]}" onto public com.qingchi.base.common.ResultVO<java.util.List<com.qingchi.base.modelVO.UnreadNotifyVO>> com.qingchi.server.controller.NotifyController.queryUnreadComments(com.qingchi.base.model.user.UserDO)
2020-12-27 12:45:48.988  INFO 12640 --- [main] s.w.s.m.m.a.RequestMappingHandlerMapping : Mapped "{[/user/wxPayNotify],produces=[application/xml]}" onto public com.qingchi.base.platform.qq.QQPayResult com.qingchi.server.controller.PayResultNotifyController.wxPayNotify(java.lang.String) throws java.io.IOException
2020-12-27 12:45:48.988  INFO 12640 --- [main] s.w.s.m.m.a.RequestMappingHandlerMapping : Mapped "{[/user/qqPayNotify],methods=[POST],consumes=[application/xml],produces=[application/xml]}" onto public com.qingchi.base.platform.qq.QQPayResult com.qingchi.server.controller.PayResultNotifyController.qqPayNotify(com.qingchi.server.platform.QQPayNotifyResult)
2020-12-27 12:45:48.988  INFO 12640 --- [main] s.w.s.m.m.a.RequestMappingHandlerMapping : Mapped "{[/user/platformLogin],methods=[POST]}" onto public com.qingchi.base.common.ResultVO<?> com.qingchi.server.controller.PlatformLoginController.platformLogin(com.qingchi.base.platform.weixin.login.LoginDataVO)
2020-12-27 12:45:48.989  INFO 12640 --- [main] s.w.s.m.m.a.RequestMappingHandlerMapping : Mapped "{[/talk/queryTalks],methods=[POST]}" onto public com.qingchi.base.common.ResultVO<?> com.qingchi.server.controller.QueryTalkController.queryTalkList(com.qingchi.base.model.user.UserDO,com.qingchi.server.model.TalkQueryVO)
2020-12-27 12:45:48.989  INFO 12640 --- [main] s.w.s.m.m.a.RequestMappingHandlerMapping : Mapped "{[/talk/queryTalkDetail],methods=[POST]}" onto public com.qingchi.base.common.ResultVO<com.qingchi.server.model.TalkVO> com.qingchi.server.controller.QueryTalkController.queryTalkList(java.lang.Integer,com.qingchi.base.model.user.UserDO)
2020-12-27 12:45:48.989  INFO 12640 --- [main] s.w.s.m.m.a.RequestMappingHandlerMapping : Mapped "{[/talk/queryUserTalks],methods=[POST]}" onto public com.qingchi.base.common.ResultVO<java.util.List<com.qingchi.server.model.TalkVO>> com.qingchi.server.controller.QueryTalkController.queryUserTalks(com.qingchi.server.model.UserTalkQueryVO,com.qingchi.base.model.user.UserDO)
2020-12-27 12:45:48.989  INFO 12640 --- [main] s.w.s.m.m.a.RequestMappingHandlerMapping : Mapped "{[/talk/queryOtherHomeTypeTalks],methods=[POST]}" onto public com.qingchi.base.common.ResultVO<?> com.qingchi.server.controller.QueryTalkController.queryOtherHomeTypeTalks(com.qingchi.base.model.user.UserDO,com.qingchi.server.model.TalkQueryVO)
2020-12-27 12:45:48.989  INFO 12640 --- [main] s.w.s.m.m.a.RequestMappingHandlerMapping : Mapped "{[/report/addReport],methods=[POST]}" onto public com.qingchi.base.common.ResultVO<?> com.qingchi.server.controller.ReportController.addReport(com.qingchi.base.model.report.ReportAddVO,com.qingchi.base.model.user.UserDO)
2020-12-27 12:45:48.990  INFO 12640 --- [main] s.w.s.m.m.a.RequestMappingHandlerMapping : Mapped "{[/shell/queryShells],methods=[POST]}" onto public com.qingchi.base.common.ResultVO<java.util.List<com.qingchi.server.model.ShellOrderVO>> com.qingchi.server.controller.ShellController.queryShells(com.qingchi.base.model.user.UserDO)
2020-12-27 12:45:48.990  INFO 12640 --- [main] s.w.s.m.m.a.RequestMappingHandlerMapping : Mapped "{[/tag/queryHotTags],methods=[POST]}" onto public com.qingchi.base.common.ResultVO<java.util.List<com.qingchi.base.redis.TagVO>> com.qingchi.server.controller.TagController.queryHotTags()
2020-12-27 12:45:48.990  INFO 12640 --- [main] s.w.s.m.m.a.RequestMappingHandlerMapping : Mapped "{[/tag/addTag],methods=[POST]}" onto public com.qingchi.base.common.ResultVO<com.qingchi.base.redis.TagVO> com.qingchi.server.controller.TagController.addTag(com.qingchi.base.model.user.UserDO,com.qingchi.server.model.TagAddVO)
2020-12-27 12:45:48.991  INFO 12640 --- [main] s.w.s.m.m.a.RequestMappingHandlerMapping : Mapped "{[/tag/queryTagTypes],methods=[POST]}" onto public com.qingchi.base.common.ResultVO<java.util.List<com.qingchi.base.redis.TagTypeVO>> com.qingchi.server.controller.TagController.queryTagTypes()
2020-12-27 12:45:48.991  INFO 12640 --- [main] s.w.s.m.m.a.RequestMappingHandlerMapping : Mapped "{[/tag/queryTags],methods=[POST]}" onto public com.qingchi.base.common.ResultVO<java.util.List<com.qingchi.base.redis.TagVO>> com.qingchi.server.controller.TagController.queryTags()
2020-12-27 12:45:48.991  INFO 12640 --- [main] s.w.s.m.m.a.RequestMappingHandlerMapping : Mapped "{[/talk/addTalk],methods=[POST]}" onto public com.qingchi.base.common.ResultVO com.qingchi.server.controller.TalkController.addTalk(com.qingchi.base.model.user.UserDO,com.qingchi.server.model.TalkAddVO) throws java.io.IOException
2020-12-27 12:45:48.992  INFO 12640 --- [main] s.w.s.m.m.a.RequestMappingHandlerMapping : Mapped "{[/talk/deleteTalk],methods=[POST]}" onto public com.qingchi.base.common.ResultVO<java.lang.Object> com.qingchi.server.controller.TalkController.deleteTalk(com.qingchi.base.model.user.UserDO,com.qingchi.server.model.TalkDeleteVO)
2020-12-27 12:45:48.992  INFO 12640 --- [main] s.w.s.m.m.a.RequestMappingHandlerMapping : Mapped "{[/test]}" onto public com.qingchi.base.common.ResultVO<java.lang.Object> com.qingchi.server.controller.TestControllerController.testUrl(java.lang.String)
2020-12-27 12:45:48.992  INFO 12640 --- [main] s.w.s.m.m.a.RequestMappingHandlerMapping : Mapped "{[/upload/imgs],methods=[POST]}" onto public java.lang.String com.qingchi.server.controller.UploadController.uploadImgList(org.springframework.web.multipart.MultipartFile[])
2020-12-27 12:45:48.993  INFO 12640 --- [main] s.w.s.m.m.a.RequestMappingHandlerMapping : Mapped "{[/upload/img],methods=[POST]}" onto public com.qingchi.base.common.ResultVO<com.qingchi.server.model.UploadImgVO> com.qingchi.server.controller.UploadController.uploadImg(com.qingchi.base.model.user.UserDO,org.springframework.web.multipart.MultipartFile,java.lang.String) throws java.io.IOException
2020-12-27 12:45:48.994  INFO 12640 --- [main] s.w.s.m.m.a.RequestMappingHandlerMapping : Mapped "{[/user/mine],methods=[POST]}" onto public com.qingchi.base.common.ResultVO<com.qingchi.server.model.UserDetailVO> com.qingchi.server.controller.UserDetailController.getUserMine(com.qingchi.base.model.user.UserDO)
2020-12-27 12:45:48.994  INFO 12640 --- [main] s.w.s.m.m.a.RequestMappingHandlerMapping : Mapped "{[/user/getUserContact],methods=[POST]}" onto public com.qingchi.base.common.ResultVO<java.lang.String> com.qingchi.server.controller.UserDetailController.getUserContact(com.qingchi.base.model.user.UserDO,com.qingchi.server.model.UserQueryVO)
2020-12-27 12:45:48.994  INFO 12640 --- [main] s.w.s.m.m.a.RequestMappingHandlerMapping : Mapped "{[/user/queryUserDetail],methods=[POST]}" onto public com.qingchi.base.common.ResultVO<com.qingchi.server.model.UserDetailVO> com.qingchi.server.controller.UserDetailController.queryUserDetail(com.qingchi.base.model.user.UserDO,com.qingchi.server.model.UserQueryVO)
2020-12-27 12:45:48.994  INFO 12640 --- [main] s.w.s.m.m.a.RequestMappingHandlerMapping : Mapped "{[/user/deleteImg],methods=[POST]}" onto public com.qingchi.base.common.ResultVO<com.qingchi.server.model.UserDetailVO> com.qingchi.server.controller.UserDetailController.deleteImg(com.qingchi.base.model.user.UserDO,com.qingchi.server.model.UserImgDeleteVO)
2020-12-27 12:45:48.995  INFO 12640 --- [main] s.w.s.m.m.a.RequestMappingHandlerMapping : Mapped "{[/user/idCard/add],methods=[POST]}" onto public com.qingchi.base.common.ResultVO<com.qingchi.server.model.UserDetailVO> com.qingchi.server.controller.UserDetailController.addIdCard(com.qingchi.base.model.user.UserDO,com.qingchi.server.model.IdCardVO)
2020-12-27 12:45:48.995  INFO 12640 --- [main] s.w.s.m.m.a.RequestMappingHandlerMapping : Mapped "{[/user/addImg],methods=[POST]}" onto public com.qingchi.base.common.ResultVO<com.qingchi.server.model.UserDetailVO> com.qingchi.server.controller.UserDetailController.addImg(com.qingchi.base.model.user.UserDO,com.qingchi.server.model.UserImgVO)
2020-12-27 12:45:48.995  INFO 12640 --- [main] s.w.s.m.m.a.RequestMappingHandlerMapping : Mapped "{[/user/destroyAccount],methods=[POST]}" onto public com.qingchi.base.common.ResultVO<java.lang.String> com.qingchi.server.controller.UserDetailController.destroyAccount(com.qingchi.base.model.user.UserDO)
2020-12-27 12:45:48.995  INFO 12640 --- [main] s.w.s.m.m.a.RequestMappingHandlerMapping : Mapped "{[/user/switchUserContact],methods=[POST]}" onto public com.qingchi.base.common.ResultVO<java.lang.String> com.qingchi.server.controller.UserDetailController.switchUserContact(com.qingchi.base.model.user.UserDO,java.lang.Boolean)
2020-12-27 12:45:48.996  INFO 12640 --- [main] s.w.s.m.m.a.RequestMappingHandlerMapping : Mapped "{[/user/pay],methods=[POST]}" onto public com.qingchi.base.common.ResultVO<com.qingchi.server.model.UserPayResultVO> com.qingchi.server.controller.UserPayController.pay(com.qingchi.server.model.UserPayVO,javax.servlet.http.HttpServletRequest,com.qingchi.base.model.user.UserDO) throws java.io.IOException
2020-12-27 12:45:48.997  INFO 12640 --- [main] s.w.s.m.m.a.RequestMappingHandlerMapping : Mapped "{[/user/payVipNew],methods=[POST]}" onto public com.qingchi.base.common.ResultVO<com.qingchi.server.model.UserPayResultVO> com.qingchi.server.controller.UserPayController.payVipNew(java.lang.String,javax.servlet.http.HttpServletRequest,com.qingchi.base.model.user.UserDO) throws java.io.IOException
2020-12-27 12:45:48.997  INFO 12640 --- [main] s.w.s.m.m.a.RequestMappingHandlerMapping : Mapped "{[/user/payVip],methods=[POST]}" onto public com.qingchi.base.common.ResultVO<com.qingchi.server.model.UserPayResultVO> com.qingchi.server.controller.UserPayController.payVip(java.lang.String,javax.servlet.http.HttpServletRequest,com.qingchi.base.model.user.UserDO) throws java.io.IOException
2020-12-27 12:45:48.998  INFO 12640 --- [main] s.w.s.m.m.a.RequestMappingHandlerMapping : Mapped "{[/user/edit],methods=[POST]}" onto public com.qingchi.base.common.ResultVO<com.qingchi.server.model.UserDetailVO> com.qingchi.server.controller.UserUpdateController.editUser(com.qingchi.base.model.user.UserDO,com.qingchi.server.model.UserEditVO)
2020-12-27 12:45:48.998  INFO 12640 --- [main] s.w.s.m.m.a.RequestMappingHandlerMapping : Mapped "{[/user/updateAvatar],methods=[POST]}" onto public com.qingchi.base.common.ResultVO<?> com.qingchi.server.controller.UserUpdateController.updateAvatar(java.lang.String,com.qingchi.base.model.user.UserDO)
2020-12-27 12:45:49.000  INFO 12640 --- [main] s.w.s.m.m.a.RequestMappingHandlerMapping : Mapped "{[/error]}" onto public org.springframework.http.ResponseEntity<java.util.Map<java.lang.String, java.lang.Object>> org.springframework.boot.autoconfigure.web.servlet.error.BasicErrorController.error(javax.servlet.http.HttpServletRequest)
2020-12-27 12:45:49.001  INFO 12640 --- [main] s.w.s.m.m.a.RequestMappingHandlerMapping : Mapped "{[/error],produces=[text/html]}" onto public org.springframework.web.servlet.ModelAndView org.springframework.boot.autoconfigure.web.servlet.error.BasicErrorController.errorHtml(javax.servlet.http.HttpServletRequest,javax.servlet.http.HttpServletResponse)
2020-12-27 12:45:49.054  INFO 12640 --- [main] o.s.w.s.handler.SimpleUrlHandlerMapping  : Mapped URL path [/img/**] onto handler of type [class org.springframework.web.servlet.resource.ResourceHttpRequestHandler]
2020-12-27 12:45:49.054  INFO 12640 --- [main] o.s.w.s.handler.SimpleUrlHandlerMapping  : Mapped URL path [/webjars/**] onto handler of type [class org.springframework.web.servlet.resource.ResourceHttpRequestHandler]
2020-12-27 12:45:49.054  INFO 12640 --- [main] o.s.w.s.handler.SimpleUrlHandlerMapping  : Mapped URL path [/**] onto handler of type [class org.springframework.web.servlet.resource.ResourceHttpRequestHandler]
2020-12-27 12:45:49.079  INFO 12640 --- [main] .m.m.a.ExceptionHandlerExceptionResolver : Detected ResponseBodyAdvice implementation in myResponseBodyAdvice
2020-12-27 12:45:49.108  INFO 12640 --- [main] o.s.w.s.handler.SimpleUrlHandlerMapping  : Mapped URL path [/**/favicon.ico] onto handler of type [class org.springframework.web.servlet.resource.ResourceHttpRequestHandler]
2020-12-27 12:45:49.759  INFO 12640 --- [main] s.b.a.e.w.s.WebMvcEndpointHandlerMapping : Mapped "{[/actuator/loggers],methods=[GET],produces=[application/vnd.spring-boot.actuator.v2+json || application/json]}" onto public java.lang.Object org.springframework.boot.actuate.endpoint.web.servlet.AbstractWebMvcEndpointHandlerMapping$OperationHandler.handle(javax.servlet.http.HttpServletRequest,java.util.Map<java.lang.String, java.lang.String>)
2020-12-27 12:45:49.760  INFO 12640 --- [main] s.b.a.e.w.s.WebMvcEndpointHandlerMapping : Mapped "{[/actuator/loggers/{name}],methods=[GET],produces=[application/vnd.spring-boot.actuator.v2+json || application/json]}" onto public java.lang.Object org.springframework.boot.actuate.endpoint.web.servlet.AbstractWebMvcEndpointHandlerMapping$OperationHandler.handle(javax.servlet.http.HttpServletRequest,java.util.Map<java.lang.String, java.lang.String>)
2020-12-27 12:45:49.760  INFO 12640 --- [main] s.b.a.e.w.s.WebMvcEndpointHandlerMapping : Mapped "{[/actuator/loggers/{name}],methods=[POST],consumes=[application/vnd.spring-boot.actuator.v2+json || application/json]}" onto public java.lang.Object org.springframework.boot.actuate.endpoint.web.servlet.AbstractWebMvcEndpointHandlerMapping$OperationHandler.handle(javax.servlet.http.HttpServletRequest,java.util.Map<java.lang.String, java.lang.String>)
2020-12-27 12:45:49.761  INFO 12640 --- [main] s.b.a.e.w.s.WebMvcEndpointHandlerMapping : Mapped "{[/actuator],methods=[GET],produces=[application/vnd.spring-boot.actuator.v2+json || application/json]}" onto protected java.util.Map<java.lang.String, java.util.Map<java.lang.String, org.springframework.boot.actuate.endpoint.web.Link>> org.springframework.boot.actuate.endpoint.web.servlet.WebMvcEndpointHandlerMapping.links(javax.servlet.http.HttpServletRequest,javax.servlet.http.HttpServletResponse)
2020-12-27 12:45:49.841  INFO 12640 --- [main] o.s.c.support.DefaultLifecycleProcessor  : Starting beans in phase 2147483647
2020-12-27 12:45:49.907  INFO 12640 --- [redisContainer-1] io.lettuce.core.EpollProvider            : Starting without optional epoll library
2020-12-27 12:45:49.909  INFO 12640 --- [redisContainer-1] io.lettuce.core.KqueueProvider           : Starting without optional kqueue library
2020-12-27 12:45:50.207  INFO 12640 --- [main] com.qingchi.admin.RedisTest              : Started RedisTest in 9.662 seconds (JVM running for 10.503)
2020-12-27 12:45:50.281  INFO 12640 --- [taskScheduler-1] com.qingchi.base.utils.QingLogger        : 更新违禁词，违禁词数量：1，违禁词列表：[304326604]
2020-12-27 12:45:50.281  INFO 12640 --- [taskScheduler-3] com.qingchi.base.utils.QingLogger        : 今日时间Sun Dec 27 12:45:50 CST 2020，解封用户数量：0
2020-12-27 12:45:50.283  INFO 12640 --- [main] com.qingchi.base.utils.QingLogger        : 系统配置表数据：{childProtectUrl=https://www.qingchi1.com/childProtect, appHotUpdateVersion=100, 展示动态详情页广告=true, 用户IP可以获取几次验证码=10, rewardedAdLimit=3, appWgtUpdateUrl=null, userAgreementUrl=https://www.qingchi1.com/agreement, wbService=清池恋爱交友app, swiperHeight=260, 广告展示数量间隔=8, showSwipers=true, 限制每天高质量举报次数=30, suggestUrl=https://www.qingchi1.com/suggest, systemError605=账号违规，被封禁，有任何疑问，联系客服微博：清池恋爱交友app，微信或qq:491369310, systemError604=系统出错，请联系客服微博：清池恋爱交友app，微信或qq:491369310, contactUsUrl=https://www.qingchi1.com/contact, 601未登录提示=未登录，请先进行登录操作, talkCacheNum=3, 展示我的信息页广告=true, homeUrl=https://www.qingchi1.com/, 微博账号=清池恋爱交友app , 605用户被封禁提示=账号违规，被封禁，有任何疑问，联系客服微博：清池恋爱交友app，微信或qq:491369310, 每次加载动态数量=10, 用户可以获取几次验证码=30, 广告展示分钟间隔=30, 展示聊天页广告=true, 604系统异常提示=系统出错，请联系客服微博：清池恋爱交友app，微信或qq:491369310, appAppUpdateVersion=177, 每天观看激励视频限制次数=3, 匹配页每次加载数量=20, userPrivacyUrl=https://www.qingchi1.com/privacy, wxService=491369310, 被举报几次隐藏=1, 展示用户详情页广告=true, 验证码有效时间多少分=30, systemError601=未登录，请先进行登录操作, 开启会话需要支付的贝壳数量=10, vipPrice=300, 展示动态列表页广告=true, authCodeInterval=120, qqService=491369310, 验证码间隔多少秒=120, reportHideCount=1, 动态页广告展示次数=5, sysServiceReceiveRatio=5, 动态页展示广告索引列表=[7, 15, 27, 43, 63], qq账号=491369310, contactExpenseShell=10, 手机号可以获取几次验证码=30, 微信账号=491369310}
2020-12-27 12:45:50.302  INFO 12640 --- [main] com.qingchi.base.utils.QingLogger        : 更新违禁词，违禁词数量：1，违禁词列表：[304326604]
2020-12-27 12:45:50.390  INFO 12640 --- [taskScheduler-1] com.qingchi.base.utils.QingLogger        : 更新违禁词，违禁词数量：714
2020-12-27 12:45:50.391  INFO 12640 --- [main] com.qingchi.base.utils.QingLogger        : 更新违禁词，违禁词数量：714
2020-12-27 12:45:50.489  INFO 12640 --- [Thread-10] o.s.w.c.s.GenericWebApplicationContext   : Closing org.springframework.web.context.support.GenericWebApplicationContext@6f0ca692: startup date [Sun Dec 27 12:45:40 CST 2020]; root of context hierarchy
2020-12-27 12:45:50.491  INFO 12640 --- [Thread-10] o.s.c.support.DefaultLifecycleProcessor  : Stopping beans in phase 2147483647
2020-12-27 12:45:50.496  INFO 12640 --- [Thread-10] o.s.s.c.ThreadPoolTaskScheduler          : Shutting down ExecutorService 'taskScheduler'
2020-12-27 12:45:51.636  INFO 12640 --- [Thread-10] j.LocalContainerEntityManagerFactoryBean : Closing JPA EntityManagerFactory for persistence unit 'default'
2020-12-27 12:45:51.638  INFO 12640 --- [Thread-10] com.zaxxer.hikari.HikariDataSource       : HikariPool-1 - Shutdown initiated...
2020-12-27 12:45:51.642  INFO 12640 --- [Thread-10] com.zaxxer.hikari.HikariDataSource       : HikariPool-1 - Shutdown completed.
